<?xml version="1.0" encoding="UTF-8"?>
<!-- Generated by org.testng.reporters.JUnitReportReporter -->
<testsuite skipped="0" hostname="ICPL12466" name="Nest.Automation.WebHomePage" tests="3" failures="0" timestamp="13 Aug 2019 09:14:46 GMT" time="0.003" errors="0">
  <testcase name="launch" time="0.001" classname="Nest.Automation.WebHomePage"/>
  <testcase name="login" time="0.001" classname="Nest.Automation.WebHomePage"/>
  <testcase name="verifyHomePage" time="0.001" classname="Nest.Automation.WebHomePage"/>
</testsuite> <!-- Nest.Automation.WebHomePage -->
