<?xml version="1.0" encoding="UTF-8"?>
<!-- Generated by org.testng.reporters.JUnitReportReporter -->
<testsuite skipped="0" hostname="ICPL12466" name="Nest.Automation.MobileTests" tests="3" failures="0" timestamp="13 Aug 2019 09:14:46 GMT" time="0.013" errors="0">
  <testcase name="launchMobileApp" time="0.012" classname="Nest.Automation.MobileTests"/>
  <testcase name="loginMobileApp" time="0.001" classname="Nest.Automation.MobileTests"/>
  <testcase name="verifyMobileHomePage" time="0.000" classname="Nest.Automation.MobileTests"/>
</testsuite> <!-- Nest.Automation.MobileTests -->
