<?xml version="1.0" encoding="UTF-8"?>
<!-- Generated by org.testng.reporters.JUnitReportReporter -->
<testsuite skipped="0" hostname="ICPL12466" name="Nest.Automation.WebHomePage" tests="3" failures="0" timestamp="2019-08-13T15:51:20 IST" time="0.000" errors="0">
  <testcase name="login" time="0.000" classname="Nest.Automation.WebHomePage"/>
  <testcase name="verifyHomePage" time="0.000" classname="Nest.Automation.WebHomePage"/>
  <testcase name="launch" time="0.000" classname="Nest.Automation.WebHomePage"/>
</testsuite> <!-- Nest.Automation.WebHomePage -->
