<?xml version="1.0" encoding="UTF-8"?>
<!-- Generated by org.testng.reporters.JUnitReportReporter -->
<testsuite skipped="0" hostname="ICPL12466" name="Nest.Automation.MobileTests" tests="3" failures="0" timestamp="2019-08-13T15:51:20 IST" time="0.016" errors="0">
  <testcase name="loginMobileApp" time="0.000" classname="Nest.Automation.MobileTests"/>
  <testcase name="launchMobileApp" time="0.016" classname="Nest.Automation.MobileTests"/>
  <testcase name="verifyMobileHomePage" time="0.000" classname="Nest.Automation.MobileTests"/>
</testsuite> <!-- Nest.Automation.MobileTests -->
